<?xml version="1.0" encoding="UTF-8"?>
<testng-results ignored="0" total="2" passed="2" failed="0" skipped="0">
  <reporter-output>
  </reporter-output>
  <suite started-at="2023-01-30T01:23:43Z" name="Default suite" finished-at="2023-01-30T01:24:00Z" duration-ms="16957">
    <groups>
    </groups>
    <test started-at="2023-01-30T01:23:43Z" name="Default test" finished-at="2023-01-30T01:24:00Z" duration-ms="16957">
      <class name="com.guru99.demo.TS_Login">
        <test-method is-config="true" signature="beforeTest()[pri:0, instance:com.guru99.demo.TS_Login@1ae8bcbc]" started-at="2023-01-30T01:23:43Z" name="beforeTest" finished-at="2023-01-30T01:23:51Z" duration-ms="8490" status="PASS">
          <reporter-output>
          </reporter-output>
        </test-method> <!-- beforeTest -->
        <test-method signature="ts_01_LoginWithValid()[pri:0, instance:com.guru99.demo.TS_Login@1ae8bcbc]" started-at="2023-01-30T01:23:51Z" name="ts_01_LoginWithValid" finished-at="2023-01-30T01:23:55Z" duration-ms="3915" status="PASS">
          <reporter-output>
          </reporter-output>
        </test-method> <!-- ts_01_LoginWithValid -->
        <test-method signature="ts_02_LoginUsingUrlAndValidInfo()[pri:0, instance:com.guru99.demo.TS_Login@1ae8bcbc]" started-at="2023-01-30T01:23:55Z" name="ts_02_LoginUsingUrlAndValidInfo" finished-at="2023-01-30T01:24:00Z" duration-ms="4530" status="PASS">
          <reporter-output>
          </reporter-output>
        </test-method> <!-- ts_02_LoginUsingUrlAndValidInfo -->
        <test-method is-config="true" signature="afterTest()[pri:0, instance:com.guru99.demo.TS_Login@1ae8bcbc]" started-at="2023-01-30T01:24:00Z" name="afterTest" finished-at="2023-01-30T01:24:00Z" duration-ms="0" status="PASS">
          <reporter-output>
          </reporter-output>
        </test-method> <!-- afterTest -->
      </class> <!-- com.guru99.demo.TS_Login -->
    </test> <!-- Default test -->
  </suite> <!-- Default suite -->
</testng-results>
